Using pre-set license
Built from '2020.2/release' branch; Version is '2020.2.1f1 (270dd8c3da1c) revision 2559448'; Using compiler version '192528614'; Build Type 'Release'
OS: 'Windows 10  (10.0.0) 64bit' Language: 'en' Physical Memory: 32682 MB
BatchMode: 1, IsHumanControllingUs: 0, StartBugReporterOnCrash: 0, Is64bit: 1, IsPro: 0

 COMMAND LINE ARGUMENTS:
D:\Default Program Files\2020.2.1f1\Editor\Unity.exe
-adb2
-batchMode
-noUpm
-name
AssetImportWorker0
-projectPath
D:/Users/Jason/Files/Games/IAT 445 - A2
-logFile
Logs/AssetImportWorker0.log
-srvPort
6556
Successfully changed project path to: D:/Users/Jason/Files/Games/IAT 445 - A2
D:/Users/Jason/Files/Games/IAT 445 - A2
Using Asset Import Pipeline V2.
Refreshing native plugins compatible for Editor in 40.89 ms, found 0 plugins.
Preloading 0 native plugins for Editor in 0.00 ms.
Initialize engine version: 2020.2.1f1 (270dd8c3da1c)
[Subsystems] Discovering subsystems at path D:/Default Program Files/2020.2.1f1/Editor/Data/Resources/UnitySubsystems
[Subsystems] Discovering subsystems at path D:/Users/Jason/Files/Games/IAT 445 - A2/Assets
GfxDevice: creating device client; threaded=0
Direct3D:
    Version:  Direct3D 11.0 [level 11.1]
    Renderer: NVIDIA GeForce RTX 3070 (ID=0x2484)
    Vendor:   
    VRAM:     8043 MB
    Driver:   27.21.14.5751
Initialize mono
Mono path[0] = 'D:/Default Program Files/2020.2.1f1/Editor/Data/Managed'
Mono path[1] = 'D:/Default Program Files/2020.2.1f1/Editor/Data/MonoBleedingEdge/lib/mono/unityjit'
Mono config path = 'D:/Default Program Files/2020.2.1f1/Editor/Data/MonoBleedingEdge/etc'
Using monoOptions --debugger-agent=transport=dt_socket,embedding=1,server=y,suspend=n,address=127.0.0.1:56740
Begin MonoManager ReloadAssembly
Registering precompiled unity dll's ...
Register platform support module: D:/Default Program Files/2020.2.1f1/Editor/Data/PlaybackEngines/WindowsStandaloneSupport/UnityEditor.WindowsStandalone.Extensions.dll
Registered in 0.000780 seconds.
Native extension for WindowsStandalone target not found
Refreshing native plugins compatible for Editor in 31.13 ms, found 0 plugins.
Preloading 0 native plugins for Editor in 0.00 ms.
Invoked RoslynAnalysisRunner static constructor.
RoslynAnalysisRunner will not be running.
RoslynAnalysisRunner has terminated.
Mono: successfully reloaded assembly
- Completed reload, in  0.760 seconds
Platform modules already initialized, skipping
Registering precompiled user dll's ...
Registered in 0.000490 seconds.
Begin MonoManager ReloadAssembly
Native extension for WindowsStandalone target not found
Refreshing native plugins compatible for Editor in 0.47 ms, found 0 plugins.
Preloading 0 native plugins for Editor in 0.00 ms.
Invoked RoslynAnalysisRunner static constructor.
RoslynAnalysisRunner will not be running.
RoslynAnalysisRunner has terminated.
Mono: successfully reloaded assembly
- Completed reload, in  0.696 seconds
Platform modules already initialized, skipping
========================================================================
Worker process is ready to serve import requests
Launched and connected shader compiler UnityShaderCompiler.exe after 0.30 seconds
Refreshing native plugins compatible for Editor in 0.47 ms, found 0 plugins.
Preloading 0 native plugins for Editor in 0.00 ms.
Unloading 1852 Unused Serialized files (Serialized files now loaded: 0)
System memory in use before: 114.2 MB.
System memory in use after: 113.9 MB.

Unloading 115 unused Assets to reduce memory usage. Loaded Objects now: 2311.
Total: 2.645400 ms (FindLiveObjects: 0.230800 ms CreateObjectMapping: 0.073800 ms MarkObjects: 1.992100 ms  DeleteObjects: 0.348000 ms)

========================================================================
Received Import Request.
  path: Assets/Tom's Terrain Tools
  artifactKey: Guid(cc9df66836d9944928e8e413a770a903) Importer(815301076,1909f56bfc062723c751e8b465ee728b)
Start importing Assets/Tom's Terrain Tools using Guid(cc9df66836d9944928e8e413a770a903) Importer(815301076,1909f56bfc062723c751e8b465ee728b)  -> (artifact id: '5d76a8c6b07937562d80dcdb2556219e') in 0.164114 seconds
  Import took 0.206443 seconds .

========================================================================
Received Import Request.
  Time since last request: 2.875754 seconds.
  path: Assets/Standard Assets
  artifactKey: Guid(c6195a43a0187a34e9c6be23520d3766) Importer(815301076,1909f56bfc062723c751e8b465ee728b)
Start importing Assets/Standard Assets using Guid(c6195a43a0187a34e9c6be23520d3766) Importer(815301076,1909f56bfc062723c751e8b465ee728b)  -> (artifact id: 'b63eb57b7c163819542c5c9c9d47f991') in 0.002314 seconds
  Import took 0.023069 seconds .

========================================================================
Received Import Request.
  Time since last request: 0.524165 seconds.
  path: Assets/Scripts
  artifactKey: Guid(eff158b4f9dfb6548acce3e068916aea) Importer(815301076,1909f56bfc062723c751e8b465ee728b)
Start importing Assets/Scripts using Guid(eff158b4f9dfb6548acce3e068916aea) Importer(815301076,1909f56bfc062723c751e8b465ee728b)  -> (artifact id: '54d429c081200189df91cd6e2db1bb28') in 0.002181 seconds
  Import took 0.013072 seconds .

========================================================================
Received Import Request.
  Time since last request: 2.670183 seconds.
  path: Assets/_TerrainAutoUpgrade
  artifactKey: Guid(8a27c8af116473e4facede283b3762d3) Importer(815301076,1909f56bfc062723c751e8b465ee728b)
Start importing Assets/_TerrainAutoUpgrade using Guid(8a27c8af116473e4facede283b3762d3) Importer(815301076,1909f56bfc062723c751e8b465ee728b)  -> (artifact id: '13a8efb36f99da85cd7557675dc155bd') in 0.002015 seconds
  Import took 0.025132 seconds .

========================================================================
Received Import Request.
  Time since last request: 11.878114 seconds.
  path: Assets/Scenes/A 2 scene.unity
  artifactKey: Guid(2b8d0f0f4ef05d34480110e8f96cfd81) Importer(815301076,1909f56bfc062723c751e8b465ee728b)
Start importing Assets/Scenes/A 2 scene.unity using Guid(2b8d0f0f4ef05d34480110e8f96cfd81) Importer(815301076,1909f56bfc062723c751e8b465ee728b)  -> (artifact id: 'ad79c77043e2f9ecd7a14864df1f6ee1') in 0.003143 seconds
  Import took 0.029961 seconds .

========================================================================
Received Import Request.
  Time since last request: 0.440530 seconds.
  path: Assets/Scenes/Island Scene J.unity
  artifactKey: Guid(9fc0d4010bbf28b4594072e72b8655ab) Importer(815301076,1909f56bfc062723c751e8b465ee728b)
Start importing Assets/Scenes/Island Scene J.unity using Guid(9fc0d4010bbf28b4594072e72b8655ab) Importer(815301076,1909f56bfc062723c751e8b465ee728b)  -> (artifact id: '5a69e22ec5781ac124f4368ff394dc24') in 0.002319 seconds
  Import took 0.021285 seconds .

========================================================================
Received Import Request.
  Time since last request: 0.375489 seconds.
  path: Assets/Scenes/TatooineOasis.unity
  artifactKey: Guid(bc353b93bcd16bc4d9c18179dfdf778e) Importer(815301076,1909f56bfc062723c751e8b465ee728b)
Start importing Assets/Scenes/TatooineOasis.unity using Guid(bc353b93bcd16bc4d9c18179dfdf778e) Importer(815301076,1909f56bfc062723c751e8b465ee728b)  -> (artifact id: '7fff80806d7f6f1a4cced715aeeff31e') in 0.002346 seconds
  Import took 0.005554 seconds .

========================================================================
Received Import Request.
  Time since last request: 0.402121 seconds.
  path: Assets/Scenes/TempTest.unity
  artifactKey: Guid(f454d823f48ff6f42a851b47a829e944) Importer(815301076,1909f56bfc062723c751e8b465ee728b)
Start importing Assets/Scenes/TempTest.unity using Guid(f454d823f48ff6f42a851b47a829e944) Importer(815301076,1909f56bfc062723c751e8b465ee728b)  -> (artifact id: '854fb90d299ae647e930c09e27a41e8b') in 0.002439 seconds
  Import took 0.028220 seconds .

========================================================================
Received Import Request.
  Time since last request: 22310.121355 seconds.
  path: Assets/Standard Assets/ParticleSystems/Materials/ParticleWaterSpray.mat
  artifactKey: Guid(09a99b10658931c46a438c586a49ec65) Importer(815301076,1909f56bfc062723c751e8b465ee728b)
Start importing Assets/Standard Assets/ParticleSystems/Materials/ParticleWaterSpray.mat using Guid(09a99b10658931c46a438c586a49ec65) Importer(815301076,1909f56bfc062723c751e8b465ee728b)  -> (artifact id: '059fb2edd6e2bc12db76e446e33f8bd2') in 0.428227 seconds
  Import took 0.483429 seconds .

========================================================================
Received Import Request.
  Time since last request: 0.000214 seconds.
  path: Assets/Standard Assets/Environment/Water/Water/Prefabs/WaterProDaytime.prefab
  artifactKey: Guid(780611a67e8e941a2b3aa96e5915a793) Importer(815301076,1909f56bfc062723c751e8b465ee728b)
Start importing Assets/Standard Assets/Environment/Water/Water/Prefabs/WaterProDaytime.prefab using Guid(780611a67e8e941a2b3aa96e5915a793) Importer(815301076,1909f56bfc062723c751e8b465ee728b)  -> (artifact id: 'a6bc5a443b8e56d984d9d818e5341bc3') in 0.131635 seconds
  Import took 0.152041 seconds .

========================================================================
Received Import Request.
  Time since last request: 0.000190 seconds.
  path: Assets/Standard Assets/Environment/Water/Water/Materials/WaterProNighttime.mat
  artifactKey: Guid(e633a20421c47426aa04444234225b69) Importer(815301076,1909f56bfc062723c751e8b465ee728b)
Start importing Assets/Standard Assets/Environment/Water/Water/Materials/WaterProNighttime.mat using Guid(e633a20421c47426aa04444234225b69) Importer(815301076,1909f56bfc062723c751e8b465ee728b)  -> (artifact id: 'b24578b073b329ada446f75e6398eac7') in 0.033209 seconds
  Import took 0.037028 seconds .

========================================================================
Received Import Request.
  Time since last request: 0.000152 seconds.
  path: Assets/Standard Assets/Environment/Water (Basic)/Materials/WaterBasicDaytime.mat
  artifactKey: Guid(52b7d70b1de7c4ce09662b77c14d9fda) Importer(815301076,1909f56bfc062723c751e8b465ee728b)
Start importing Assets/Standard Assets/Environment/Water (Basic)/Materials/WaterBasicDaytime.mat using Guid(52b7d70b1de7c4ce09662b77c14d9fda) Importer(815301076,1909f56bfc062723c751e8b465ee728b)  -> (artifact id: '21a8564d09a2c89264aa3e8aaee78913') in 0.032586 seconds
  Import took 0.035646 seconds .

========================================================================
Received Import Request.
  Time since last request: 0.000153 seconds.
  path: Assets/Standard Assets/Environment/Water/Water4/Materials/Water4Advanced.mat
  artifactKey: Guid(a5f2339f242f6cc41a982ec55ea3c201) Importer(815301076,1909f56bfc062723c751e8b465ee728b)
Start importing Assets/Standard Assets/Environment/Water/Water4/Materials/Water4Advanced.mat using Guid(a5f2339f242f6cc41a982ec55ea3c201) Importer(815301076,1909f56bfc062723c751e8b465ee728b)  -> (artifact id: 'a8a14e2f73f8b167d7da1d99325651f6') in 0.032760 seconds
  Import took 0.055615 seconds .

========================================================================
Received Import Request.
  Time since last request: 0.000219 seconds.
  path: Assets/Standard Assets/Environment/Water (Basic)/Models/WaterBasicPlane.fbx
  artifactKey: Guid(ce8d79c79d11b8f9d00076e98d76c639) Importer(815301076,1909f56bfc062723c751e8b465ee728b)
Start importing Assets/Standard Assets/Environment/Water (Basic)/Models/WaterBasicPlane.fbx using Guid(ce8d79c79d11b8f9d00076e98d76c639) Importer(815301076,1909f56bfc062723c751e8b465ee728b)  -> (artifact id: '8a8f51901789502ad5bbb8c2114c536d') in 0.207272 seconds
  Import took 0.210980 seconds .

========================================================================
Received Import Request.
  Time since last request: 0.000197 seconds.
  path: Assets/Standard Assets/Environment/Water/Water/Materials/WaterProDaytime.mat
  artifactKey: Guid(7350b65a6431f604a8496c39db1ac9c5) Importer(815301076,1909f56bfc062723c751e8b465ee728b)
Start importing Assets/Standard Assets/Environment/Water/Water/Materials/WaterProDaytime.mat using Guid(7350b65a6431f604a8496c39db1ac9c5) Importer(815301076,1909f56bfc062723c751e8b465ee728b)  -> (artifact id: '2fdbff8bf0526c968b257ea081f58b1b') in 0.006841 seconds
  Import took 0.023595 seconds .

========================================================================
Received Import Request.
  Time since last request: 0.000192 seconds.
  path: Assets/Standard Assets/Environment/Water (Basic)/Materials/WaterDefault.mat
  artifactKey: Guid(30abebfd9bf1c49d8a2d26e61e66bc15) Importer(815301076,1909f56bfc062723c751e8b465ee728b)
Start importing Assets/Standard Assets/Environment/Water (Basic)/Materials/WaterDefault.mat using Guid(30abebfd9bf1c49d8a2d26e61e66bc15) Importer(815301076,1909f56bfc062723c751e8b465ee728b)  -> (artifact id: '4413cb8cd0c48681eef56af192b8bef6') in 0.192593 seconds
  Import took 0.222629 seconds .

========================================================================
Received Import Request.
  Time since last request: 0.000154 seconds.
  path: Assets/Standard Assets/Environment/Water/Water/Materials/WaterPlaneMaterial.mat
  artifactKey: Guid(f1bc741ea0e69a241896582ddb633d55) Importer(815301076,1909f56bfc062723c751e8b465ee728b)
Start importing Assets/Standard Assets/Environment/Water/Water/Materials/WaterPlaneMaterial.mat using Guid(f1bc741ea0e69a241896582ddb633d55) Importer(815301076,1909f56bfc062723c751e8b465ee728b)  -> (artifact id: '13f5c404be24c47c8350ff1a1a2bb654') in 0.229550 seconds
  Import took 0.232386 seconds .

========================================================================
Received Import Request.
  Time since last request: 0.000205 seconds.
  path: Assets/Standard Assets/Environment/Water/Water4/Prefabs/Water4Simple.prefab
  artifactKey: Guid(843740dbe549a4a6ba9556d1b80001f5) Importer(815301076,1909f56bfc062723c751e8b465ee728b)
Start importing Assets/Standard Assets/Environment/Water/Water4/Prefabs/Water4Simple.prefab using Guid(843740dbe549a4a6ba9556d1b80001f5) Importer(815301076,1909f56bfc062723c751e8b465ee728b)  -> (artifact id: 'e2dec4884985d4b511a0a707b1cac525') in 0.068643 seconds
  Import took 0.080059 seconds .

========================================================================
Received Import Request.
  Time since last request: 0.000149 seconds.
  path: Assets/Standard Assets/Environment/Water (Basic)/Materials/WaterBasicNighttime.mat
  artifactKey: Guid(c55afdc4a8a3b4890b07cc7d176510bb) Importer(815301076,1909f56bfc062723c751e8b465ee728b)
Start importing Assets/Standard Assets/Environment/Water (Basic)/Materials/WaterBasicNighttime.mat using Guid(c55afdc4a8a3b4890b07cc7d176510bb) Importer(815301076,1909f56bfc062723c751e8b465ee728b)  -> (artifact id: 'a5138d951732c253270138a8c5bb7d9e') in 0.028364 seconds
  Import took 0.031515 seconds .

========================================================================
Received Import Request.
  Time since last request: 0.000133 seconds.
  path: Assets/Standard Assets/Environment/Water/Water/Models/WaterPlane.fbx
  artifactKey: Guid(ba6a41dc489914734857bb5924eb70ad) Importer(815301076,1909f56bfc062723c751e8b465ee728b)
Start importing Assets/Standard Assets/Environment/Water/Water/Models/WaterPlane.fbx using Guid(ba6a41dc489914734857bb5924eb70ad) Importer(815301076,1909f56bfc062723c751e8b465ee728b)  -> (artifact id: '7e90aa37ec845c1f1df7fb4d4ab441cf') in 0.008835 seconds
  Import took 0.011836 seconds .

========================================================================
Received Import Request.
  Time since last request: 0.000138 seconds.
  path: Assets/Standard Assets/Environment/Water/Water/Textures/WaterProDaytimeGradient.psd
  artifactKey: Guid(ab97f9ab7c2ce724ebc9446060a819a4) Importer(815301076,1909f56bfc062723c751e8b465ee728b)
Start importing Assets/Standard Assets/Environment/Water/Water/Textures/WaterProDaytimeGradient.psd using Guid(ab97f9ab7c2ce724ebc9446060a819a4) Importer(815301076,1909f56bfc062723c751e8b465ee728b)  -> (artifact id: 'bc3d17ccf7eed56cc447eb186c656514') in 0.062076 seconds
  Import took 0.078148 seconds .

========================================================================
Received Import Request.
  Time since last request: 0.000166 seconds.
  path: Assets/Standard Assets/Environment/Water/Water4/Materials/Water4Simple.mat
  artifactKey: Guid(656fde119942645aa8e062e04c119aa1) Importer(815301076,1909f56bfc062723c751e8b465ee728b)
Start importing Assets/Standard Assets/Environment/Water/Water4/Materials/Water4Simple.mat using Guid(656fde119942645aa8e062e04c119aa1) Importer(815301076,1909f56bfc062723c751e8b465ee728b)  -> (artifact id: 'fbe5e12b2aaf1fd6f284eabfd229a7b6') in 0.007469 seconds
  Import took 0.010865 seconds .

========================================================================
Received Import Request.
  Time since last request: 0.000197 seconds.
  path: Assets/Standard Assets/Environment/Water/Water/Textures/WaterFresnel.psd
  artifactKey: Guid(5b5c5575fd4c74abd9f7b30862fb76a3) Importer(815301076,1909f56bfc062723c751e8b465ee728b)
Start importing Assets/Standard Assets/Environment/Water/Water/Textures/WaterFresnel.psd using Guid(5b5c5575fd4c74abd9f7b30862fb76a3) Importer(815301076,1909f56bfc062723c751e8b465ee728b)  -> (artifact id: '28209e09c77f6661fbfb6737bd995890') in 0.007405 seconds
  Import took 0.019401 seconds .

========================================================================
Received Import Request.
  Time since last request: 0.000145 seconds.
  path: Assets/Standard Assets/Environment/Water/Water4/Prefabs/Water4Advanced.prefab
  artifactKey: Guid(b544816461f324e56a39767fdeb5b114) Importer(815301076,1909f56bfc062723c751e8b465ee728b)
Start importing Assets/Standard Assets/Environment/Water/Water4/Prefabs/Water4Advanced.prefab using Guid(b544816461f324e56a39767fdeb5b114) Importer(815301076,1909f56bfc062723c751e8b465ee728b)  -> (artifact id: 'fc9717a6e820fbc3a6ac5544bc616c21') in 0.010935 seconds
  Import took 0.014025 seconds .

========================================================================
Received Import Request.
  Time since last request: 0.000136 seconds.
  path: Assets/Standard Assets/Environment/Water/Water/Textures/WaterBump.jpg
  artifactKey: Guid(2dd3788f8589b40bf82a92d76ffc5091) Importer(815301076,1909f56bfc062723c751e8b465ee728b)
Start importing Assets/Standard Assets/Environment/Water/Water/Textures/WaterBump.jpg using Guid(2dd3788f8589b40bf82a92d76ffc5091) Importer(815301076,1909f56bfc062723c751e8b465ee728b)  -> (artifact id: '68baa2774abf888107fdae649af9b037') in 0.048022 seconds
  Import took 0.063117 seconds .

========================================================================
Received Import Request.
  Time since last request: 43.916029 seconds.
  path: Assets/Materials/Texture Images/A1Materials_Sand_Messy_Base_Color.tga
  artifactKey: Guid(110d43028d646324199613d52aee3ae9) Importer(815301076,1909f56bfc062723c751e8b465ee728b)
Start importing Assets/Materials/Texture Images/A1Materials_Sand_Messy_Base_Color.tga using Guid(110d43028d646324199613d52aee3ae9) Importer(815301076,1909f56bfc062723c751e8b465ee728b)  -> (artifact id: '7f543e4cf282ee80b044d12ed30d68d9') in 0.074754 seconds
  Import took 0.102481 seconds .

========================================================================
Received Import Request.
  Time since last request: 0.000183 seconds.
  path: Assets/Materials/Texture Images/A1Materials_Mud_Diffuse.tga
  artifactKey: Guid(6509323c02251a14280192b41260109b) Importer(815301076,1909f56bfc062723c751e8b465ee728b)
Start importing Assets/Materials/Texture Images/A1Materials_Mud_Diffuse.tga using Guid(6509323c02251a14280192b41260109b) Importer(815301076,1909f56bfc062723c751e8b465ee728b)  -> (artifact id: '691f4737393f00cc3506efbd1c4344cd') in 0.045735 seconds
  Import took 0.048545 seconds .

========================================================================
Received Import Request.
  Time since last request: 0.000160 seconds.
  path: Assets/Materials/Texture Images/A1Materials_ground_grass_Base_Color.tga
  artifactKey: Guid(c5892eb4fd153d042a646fe1a47bc2c0) Importer(815301076,1909f56bfc062723c751e8b465ee728b)
Start importing Assets/Materials/Texture Images/A1Materials_ground_grass_Base_Color.tga using Guid(c5892eb4fd153d042a646fe1a47bc2c0) Importer(815301076,1909f56bfc062723c751e8b465ee728b)  -> (artifact id: '4f4e6f289e571320dce6fbca786d76b7') in 0.065440 seconds
  Import took 0.083682 seconds .

========================================================================
Received Prepare
Registering precompiled user dll's ...
Registered in 0.000467 seconds.
Begin MonoManager ReloadAssembly
Native extension for WindowsStandalone target not found
Refreshing native plugins compatible for Editor in 0.47 ms, found 0 plugins.
Preloading 0 native plugins for Editor in 0.00 ms.
Warning: Annotation not found!
UnityEngine.StackTraceUtility:ExtractStackTrace ()
UnityEditor.ProBuilder.EditorUtility:SetGizmoIconEnabled (System.Type,bool) (at D:/Users/Jason/Files/Games/IAT 445 - A1/Library/PackageCache/com.unity.probuilder@4.4.0/Editor/EditorCore/EditorUtility.cs:593)
UnityEditor.ProBuilder.HierarchyListener:.cctor () (at D:/Users/Jason/Files/Games/IAT 445 - A1/Library/PackageCache/com.unity.probuilder@4.4.0/Editor/EditorCore/HierarchyListener.cs:21)
System.Runtime.CompilerServices.RuntimeHelpers:RunClassConstructor (System.RuntimeTypeHandle)
UnityEditor.EditorAssemblies:ProcessInitializeOnLoadAttributes (System.Type[])

[D:/Users/Jason/Files/Games/IAT 445 - A1/Library/PackageCache/com.unity.probuilder@4.4.0/Editor/EditorCore/EditorUtility.cs line 593]

Invoked RoslynAnalysisRunner static constructor.
RoslynAnalysisRunner will not be running.
RoslynAnalysisRunner has terminated.
Mono: successfully reloaded assembly
- Completed reload, in  0.638 seconds
Platform modules already initialized, skipping
Refreshing native plugins compatible for Editor in 0.47 ms, found 0 plugins.
Preloading 0 native plugins for Editor in 0.00 ms.
Unloading 1771 Unused Serialized files (Serialized files now loaded: 0)
System memory in use before: 113.0 MB.
System memory in use after: 112.7 MB.

Unloading 10 unused Assets to reduce memory usage. Loaded Objects now: 2365.
Total: 2.732700 ms (FindLiveObjects: 0.345300 ms CreateObjectMapping: 0.106500 ms MarkObjects: 2.035100 ms  DeleteObjects: 0.244800 ms)

========================================================================
Received Import Request.
  Time since last request: 1687.414059 seconds.
  path: Assets/Island Terrain.asset
  artifactKey: Guid(5d23086aa2bfbe448bc85c108cb933d4) Importer(815301076,1909f56bfc062723c751e8b465ee728b)
Start importing Assets/Island Terrain.asset using Guid(5d23086aa2bfbe448bc85c108cb933d4) Importer(815301076,1909f56bfc062723c751e8b465ee728b) The tree Tree Type7 02 must use the Nature/Soft Occlusion shader. Otherwise billboarding/lighting will not work correctly.

The tree Tree Type7 03 must use the Nature/Soft Occlusion shader. Otherwise billboarding/lighting will not work correctly.

The tree Tree Type7 04 must use the Nature/Soft Occlusion shader. Otherwise billboarding/lighting will not work correctly.

The tree Tree Type7 01 must use the Nature/Soft Occlusion shader. Otherwise billboarding/lighting will not work correctly.

 -> (artifact id: '29cb08feeef40d302eb933b50ab4e9fa') in 0.185533 seconds
  Import took 0.205407 seconds .

========================================================================
Received Import Request.
  Time since last request: 9.950903 seconds.
  path: Assets/Materials/Fire Normal.mat
  artifactKey: Guid(93e9eb21baac37c4b8700be01a82eb76) Importer(815301076,1909f56bfc062723c751e8b465ee728b)
Start importing Assets/Materials/Fire Normal.mat using Guid(93e9eb21baac37c4b8700be01a82eb76) Importer(815301076,1909f56bfc062723c751e8b465ee728b)  -> (artifact id: '76854ba3b5e9b0dd3e4ff6e1e9467a59') in 0.026202 seconds
  Import took 0.031007 seconds .

========================================================================
Received Import Request.
  Time since last request: 138.697625 seconds.
  path: Assets/Models
  artifactKey: Guid(63e1f2a23ad4d5847a4298053ed3fcfc) Importer(815301076,1909f56bfc062723c751e8b465ee728b)
Start importing Assets/Models using Guid(63e1f2a23ad4d5847a4298053ed3fcfc) Importer(815301076,1909f56bfc062723c751e8b465ee728b)  -> (artifact id: 'ba74c5acab85ba60cb97a81506ce9c0d') in 0.001772 seconds
  Import took 0.016267 seconds .

========================================================================
Received Import Request.
  Time since last request: 6.067054 seconds.
  path: Assets/Models/torch.fbx
  artifactKey: Guid(2caceeda5b84c494abff6530bf353b83) Importer(815301076,1909f56bfc062723c751e8b465ee728b)
Start importing Assets/Models/torch.fbx using Guid(2caceeda5b84c494abff6530bf353b83) Importer(815301076,1909f56bfc062723c751e8b465ee728b)  -> (artifact id: 'c4c8ccce44c64261f768523da6ec56f7') in 0.047443 seconds
  Import took 0.068040 seconds .

========================================================================
Received Import Request.
  Time since last request: 61.345843 seconds.
  path: Assets/Models/textures
  artifactKey: Guid(110c733859999b44abcf61cae06f1f66) Importer(815301076,1909f56bfc062723c751e8b465ee728b)
Start importing Assets/Models/textures using Guid(110c733859999b44abcf61cae06f1f66) Importer(815301076,1909f56bfc062723c751e8b465ee728b)  -> (artifact id: '838071d81077399e8a4d28332d47950b') in 0.001969 seconds
  Import took 0.004622 seconds .

========================================================================
Received Import Request.
  Time since last request: 0.076766 seconds.
  path: Assets/Models/textures/torch_BaseColor.png
  artifactKey: Guid(10efe62a82e4a2949906b9e63a035774) Importer(815301076,1909f56bfc062723c751e8b465ee728b)
Start importing Assets/Models/textures/torch_BaseColor.png using Guid(10efe62a82e4a2949906b9e63a035774) Importer(815301076,1909f56bfc062723c751e8b465ee728b)  -> (artifact id: 'd10ecb6645448174cb62102876b35560') in 0.012518 seconds
  Import took 0.027927 seconds .

========================================================================
Received Import Request.
  Time since last request: 0.000138 seconds.
  path: Assets/Models/textures/torch_Metallic.png
  artifactKey: Guid(8eaefa1bbcb245142bdebcb62c625333) Importer(815301076,1909f56bfc062723c751e8b465ee728b)
Start importing Assets/Models/textures/torch_Metallic.png using Guid(8eaefa1bbcb245142bdebcb62c625333) Importer(815301076,1909f56bfc062723c751e8b465ee728b)  -> (artifact id: '84d3563ec8150f006a10b7b85c695e3f') in 0.007593 seconds
  Import took 0.021744 seconds .

========================================================================
Received Import Request.
  Time since last request: 0.000135 seconds.
  path: Assets/Models/textures/torch_Roughness.png
  artifactKey: Guid(ada8dc534660b69458fa5e6b3c4adf81) Importer(815301076,1909f56bfc062723c751e8b465ee728b)
Start importing Assets/Models/textures/torch_Roughness.png using Guid(ada8dc534660b69458fa5e6b3c4adf81) Importer(815301076,1909f56bfc062723c751e8b465ee728b)  -> (artifact id: '1cb2c10e712af80a8486b8b15c567570') in 0.009288 seconds
  Import took 0.020020 seconds .

========================================================================
Received Import Request.
  Time since last request: 0.000125 seconds.
  path: Assets/Models/textures/torch_Height.png
  artifactKey: Guid(6aab95debec7086439e6abe40b4fcec7) Importer(815301076,1909f56bfc062723c751e8b465ee728b)
Start importing Assets/Models/textures/torch_Height.png using Guid(6aab95debec7086439e6abe40b4fcec7) Importer(815301076,1909f56bfc062723c751e8b465ee728b)  -> (artifact id: '1ab26f8dbf525f03debf82582f91c9ea') in 0.012754 seconds
  Import took 0.021515 seconds .

========================================================================
Received Import Request.
  Time since last request: 0.000125 seconds.
  path: Assets/Models/textures/torch_Normal.png
  artifactKey: Guid(a4b83d2b7b592ce41834104376a61b2b) Importer(815301076,1909f56bfc062723c751e8b465ee728b)
Start importing Assets/Models/textures/torch_Normal.png using Guid(a4b83d2b7b592ce41834104376a61b2b) Importer(815301076,1909f56bfc062723c751e8b465ee728b)  -> (artifact id: '7389de47acc3a874454aa3f4038af820') in 0.009260 seconds
  Import took 0.012899 seconds .

========================================================================
Received Import Request.
  Time since last request: 10.411537 seconds.
  path: Assets/Models/torch.mat
  artifactKey: Guid(d8edb532f32c8aa4689dc59cf4066390) Importer(815301076,1909f56bfc062723c751e8b465ee728b)
Start importing Assets/Models/torch.mat using Guid(d8edb532f32c8aa4689dc59cf4066390) Importer(815301076,1909f56bfc062723c751e8b465ee728b)  -> (artifact id: 'a33154b948ce4405ef4f6c07a13cd55f') in 0.010814 seconds
  Import took 0.014217 seconds .

========================================================================
Received Import Request.
  Time since last request: 28.010654 seconds.
  path: Assets/Models/textures/torch_Normal.png
  artifactKey: Guid(a4b83d2b7b592ce41834104376a61b2b) Importer(815301076,1909f56bfc062723c751e8b465ee728b)
Start importing Assets/Models/textures/torch_Normal.png using Guid(a4b83d2b7b592ce41834104376a61b2b) Importer(815301076,1909f56bfc062723c751e8b465ee728b)  -> (artifact id: 'd45f84b8c510760919317e2d041fc1a0') in 0.018201 seconds
  Import took 0.044347 seconds .

========================================================================
Received Prepare
Registering precompiled user dll's ...
Registered in 0.000830 seconds.
Begin MonoManager ReloadAssembly
Native extension for WindowsStandalone target not found
Refreshing native plugins compatible for Editor in 0.47 ms, found 0 plugins.
Preloading 0 native plugins for Editor in 0.00 ms.
Warning: Annotation not found!
UnityEngine.StackTraceUtility:ExtractStackTrace ()
UnityEditor.ProBuilder.EditorUtility:SetGizmoIconEnabled (System.Type,bool) (at D:/Users/Jason/Files/Games/IAT 445 - A1/Library/PackageCache/com.unity.probuilder@4.4.0/Editor/EditorCore/EditorUtility.cs:593)
UnityEditor.ProBuilder.HierarchyListener:.cctor () (at D:/Users/Jason/Files/Games/IAT 445 - A1/Library/PackageCache/com.unity.probuilder@4.4.0/Editor/EditorCore/HierarchyListener.cs:21)
System.Runtime.CompilerServices.RuntimeHelpers:RunClassConstructor (System.RuntimeTypeHandle)
UnityEditor.EditorAssemblies:ProcessInitializeOnLoadAttributes (System.Type[])

[D:/Users/Jason/Files/Games/IAT 445 - A1/Library/PackageCache/com.unity.probuilder@4.4.0/Editor/EditorCore/EditorUtility.cs line 593]

Invoked RoslynAnalysisRunner static constructor.
RoslynAnalysisRunner will not be running.
RoslynAnalysisRunner has terminated.
Mono: successfully reloaded assembly
- Completed reload, in  0.605 seconds
Platform modules already initialized, skipping
Refreshing native plugins compatible for Editor in 0.46 ms, found 0 plugins.
Preloading 0 native plugins for Editor in 0.00 ms.
Unloading 1770 Unused Serialized files (Serialized files now loaded: 0)
System memory in use before: 113.2 MB.
System memory in use after: 112.9 MB.

Unloading 9 unused Assets to reduce memory usage. Loaded Objects now: 2369.
Total: 2.662000 ms (FindLiveObjects: 0.214400 ms CreateObjectMapping: 0.054800 ms MarkObjects: 2.085900 ms  DeleteObjects: 0.306300 ms)

========================================================================
Received Import Request.
  Time since last request: 308.497858 seconds.
  path: Assets/EnterTriggerSoundPlayer.cs
  artifactKey: Guid(6138945268a1bc247a7829f10a6848c4) Importer(815301076,1909f56bfc062723c751e8b465ee728b)
Start importing Assets/EnterTriggerSoundPlayer.cs using Guid(6138945268a1bc247a7829f10a6848c4) Importer(815301076,1909f56bfc062723c751e8b465ee728b)  -> (artifact id: '40a2440f39394fe1a083875b6e06e7ba') in 0.014762 seconds
  Import took 0.037925 seconds .

========================================================================
Received Prepare
Registering precompiled user dll's ...
Registered in 0.000609 seconds.
Begin MonoManager ReloadAssembly
Native extension for WindowsStandalone target not found
Refreshing native plugins compatible for Editor in 0.49 ms, found 0 plugins.
Preloading 0 native plugins for Editor in 0.00 ms.
Warning: Annotation not found!
UnityEngine.StackTraceUtility:ExtractStackTrace ()
UnityEditor.ProBuilder.EditorUtility:SetGizmoIconEnabled (System.Type,bool) (at D:/Users/Jason/Files/Games/IAT 445 - A1/Library/PackageCache/com.unity.probuilder@4.4.0/Editor/EditorCore/EditorUtility.cs:593)
UnityEditor.ProBuilder.HierarchyListener:.cctor () (at D:/Users/Jason/Files/Games/IAT 445 - A1/Library/PackageCache/com.unity.probuilder@4.4.0/Editor/EditorCore/HierarchyListener.cs:21)
System.Runtime.CompilerServices.RuntimeHelpers:RunClassConstructor (System.RuntimeTypeHandle)
UnityEditor.EditorAssemblies:ProcessInitializeOnLoadAttributes (System.Type[])

[D:/Users/Jason/Files/Games/IAT 445 - A1/Library/PackageCache/com.unity.probuilder@4.4.0/Editor/EditorCore/EditorUtility.cs line 593]

Invoked RoslynAnalysisRunner static constructor.
RoslynAnalysisRunner will not be running.
RoslynAnalysisRunner has terminated.
Mono: successfully reloaded assembly
- Completed reload, in  0.594 seconds
Platform modules already initialized, skipping
Refreshing native plugins compatible for Editor in 0.44 ms, found 0 plugins.
Preloading 0 native plugins for Editor in 0.00 ms.
Unloading 1771 Unused Serialized files (Serialized files now loaded: 0)
System memory in use before: 113.3 MB.
System memory in use after: 113.0 MB.

Unloading 9 unused Assets to reduce memory usage. Loaded Objects now: 2372.
Total: 2.710500 ms (FindLiveObjects: 0.237000 ms CreateObjectMapping: 0.070300 ms MarkObjects: 2.116900 ms  DeleteObjects: 0.285500 ms)

========================================================================
Received Import Request.
  Time since last request: 16.304638 seconds.
  path: Assets/Scripts/TrapPlayerTrigger.cs
  artifactKey: Guid(4186a0d88a72c6547be27f2f5b39ee56) Importer(815301076,1909f56bfc062723c751e8b465ee728b)
Start importing Assets/Scripts/TrapPlayerTrigger.cs using Guid(4186a0d88a72c6547be27f2f5b39ee56) Importer(815301076,1909f56bfc062723c751e8b465ee728b)  -> (artifact id: 'd214c607c39663c1a9e5ba4acbdf1ab7') in 0.004254 seconds
  Import took 0.019181 seconds .

========================================================================
Received Prepare
Registering precompiled user dll's ...
Registered in 0.000650 seconds.
Begin MonoManager ReloadAssembly
Native extension for WindowsStandalone target not found
Refreshing native plugins compatible for Editor in 0.62 ms, found 0 plugins.
Preloading 0 native plugins for Editor in 0.00 ms.
Warning: Annotation not found!
UnityEngine.StackTraceUtility:ExtractStackTrace ()
UnityEditor.ProBuilder.EditorUtility:SetGizmoIconEnabled (System.Type,bool) (at D:/Users/Jason/Files/Games/IAT 445 - A1/Library/PackageCache/com.unity.probuilder@4.4.0/Editor/EditorCore/EditorUtility.cs:593)
UnityEditor.ProBuilder.HierarchyListener:.cctor () (at D:/Users/Jason/Files/Games/IAT 445 - A1/Library/PackageCache/com.unity.probuilder@4.4.0/Editor/EditorCore/HierarchyListener.cs:21)
System.Runtime.CompilerServices.RuntimeHelpers:RunClassConstructor (System.RuntimeTypeHandle)
UnityEditor.EditorAssemblies:ProcessInitializeOnLoadAttributes (System.Type[])

[D:/Users/Jason/Files/Games/IAT 445 - A1/Library/PackageCache/com.unity.probuilder@4.4.0/Editor/EditorCore/EditorUtility.cs line 593]

Invoked RoslynAnalysisRunner static constructor.
RoslynAnalysisRunner will not be running.
RoslynAnalysisRunner has terminated.
Mono: successfully reloaded assembly
- Completed reload, in  0.587 seconds
Platform modules already initialized, skipping
Refreshing native plugins compatible for Editor in 0.45 ms, found 0 plugins.
Preloading 0 native plugins for Editor in 0.00 ms.
Unloading 1771 Unused Serialized files (Serialized files now loaded: 0)
System memory in use before: 113.3 MB.
System memory in use after: 113.0 MB.

Unloading 9 unused Assets to reduce memory usage. Loaded Objects now: 2374.
Total: 2.944900 ms (FindLiveObjects: 0.278000 ms CreateObjectMapping: 0.075300 ms MarkObjects: 2.180500 ms  DeleteObjects: 0.409900 ms)

========================================================================
Received Prepare
Registering precompiled user dll's ...
Registered in 0.000661 seconds.
Begin MonoManager ReloadAssembly
Native extension for WindowsStandalone target not found
Refreshing native plugins compatible for Editor in 0.45 ms, found 0 plugins.
Preloading 0 native plugins for Editor in 0.00 ms.
Warning: Annotation not found!
UnityEngine.StackTraceUtility:ExtractStackTrace ()
UnityEditor.ProBuilder.EditorUtility:SetGizmoIconEnabled (System.Type,bool) (at D:/Users/Jason/Files/Games/IAT 445 - A1/Library/PackageCache/com.unity.probuilder@4.4.0/Editor/EditorCore/EditorUtility.cs:593)
UnityEditor.ProBuilder.HierarchyListener:.cctor () (at D:/Users/Jason/Files/Games/IAT 445 - A1/Library/PackageCache/com.unity.probuilder@4.4.0/Editor/EditorCore/HierarchyListener.cs:21)
System.Runtime.CompilerServices.RuntimeHelpers:RunClassConstructor (System.RuntimeTypeHandle)
UnityEditor.EditorAssemblies:ProcessInitializeOnLoadAttributes (System.Type[])

[D:/Users/Jason/Files/Games/IAT 445 - A1/Library/PackageCache/com.unity.probuilder@4.4.0/Editor/EditorCore/EditorUtility.cs line 593]

Invoked RoslynAnalysisRunner static constructor.
RoslynAnalysisRunner will not be running.
RoslynAnalysisRunner has terminated.
Mono: successfully reloaded assembly
- Completed reload, in  0.589 seconds
Platform modules already initialized, skipping
Refreshing native plugins compatible for Editor in 0.45 ms, found 0 plugins.
Preloading 0 native plugins for Editor in 0.00 ms.
Unloading 1771 Unused Serialized files (Serialized files now loaded: 0)
System memory in use before: 113.3 MB.
System memory in use after: 113.0 MB.

Unloading 9 unused Assets to reduce memory usage. Loaded Objects now: 2376.
Total: 2.515000 ms (FindLiveObjects: 0.211000 ms CreateObjectMapping: 0.054100 ms MarkObjects: 1.956000 ms  DeleteObjects: 0.293000 ms)

========================================================================
Received Prepare
Registering precompiled user dll's ...
Registered in 0.000640 seconds.
Begin MonoManager ReloadAssembly
Native extension for WindowsStandalone target not found
Refreshing native plugins compatible for Editor in 0.44 ms, found 0 plugins.
Preloading 0 native plugins for Editor in 0.00 ms.
Warning: Annotation not found!
UnityEngine.StackTraceUtility:ExtractStackTrace ()
UnityEditor.ProBuilder.EditorUtility:SetGizmoIconEnabled (System.Type,bool) (at D:/Users/Jason/Files/Games/IAT 445 - A1/Library/PackageCache/com.unity.probuilder@4.4.0/Editor/EditorCore/EditorUtility.cs:593)
UnityEditor.ProBuilder.HierarchyListener:.cctor () (at D:/Users/Jason/Files/Games/IAT 445 - A1/Library/PackageCache/com.unity.probuilder@4.4.0/Editor/EditorCore/HierarchyListener.cs:21)
System.Runtime.CompilerServices.RuntimeHelpers:RunClassConstructor (System.RuntimeTypeHandle)
UnityEditor.EditorAssemblies:ProcessInitializeOnLoadAttributes (System.Type[])

[D:/Users/Jason/Files/Games/IAT 445 - A1/Library/PackageCache/com.unity.probuilder@4.4.0/Editor/EditorCore/EditorUtility.cs line 593]

Invoked RoslynAnalysisRunner static constructor.
RoslynAnalysisRunner will not be running.
RoslynAnalysisRunner has terminated.
Mono: successfully reloaded assembly
- Completed reload, in  0.592 seconds
Platform modules already initialized, skipping
Refreshing native plugins compatible for Editor in 0.44 ms, found 0 plugins.
Preloading 0 native plugins for Editor in 0.00 ms.
Unloading 1771 Unused Serialized files (Serialized files now loaded: 0)
System memory in use before: 113.3 MB.
System memory in use after: 113.0 MB.

Unloading 9 unused Assets to reduce memory usage. Loaded Objects now: 2378.
Total: 3.009500 ms (FindLiveObjects: 0.217600 ms CreateObjectMapping: 0.073100 ms MarkObjects: 2.325600 ms  DeleteObjects: 0.392400 ms)

========================================================================
Received Prepare
Registering precompiled user dll's ...
Registered in 0.000554 seconds.
Begin MonoManager ReloadAssembly
Native extension for WindowsStandalone target not found
Refreshing native plugins compatible for Editor in 0.44 ms, found 0 plugins.
Preloading 0 native plugins for Editor in 0.00 ms.
Warning: Annotation not found!
UnityEngine.StackTraceUtility:ExtractStackTrace ()
UnityEditor.ProBuilder.EditorUtility:SetGizmoIconEnabled (System.Type,bool) (at D:/Users/Jason/Files/Games/IAT 445 - A1/Library/PackageCache/com.unity.probuilder@4.4.0/Editor/EditorCore/EditorUtility.cs:593)
UnityEditor.ProBuilder.HierarchyListener:.cctor () (at D:/Users/Jason/Files/Games/IAT 445 - A1/Library/PackageCache/com.unity.probuilder@4.4.0/Editor/EditorCore/HierarchyListener.cs:21)
System.Runtime.CompilerServices.RuntimeHelpers:RunClassConstructor (System.RuntimeTypeHandle)
UnityEditor.EditorAssemblies:ProcessInitializeOnLoadAttributes (System.Type[])

[D:/Users/Jason/Files/Games/IAT 445 - A1/Library/PackageCache/com.unity.probuilder@4.4.0/Editor/EditorCore/EditorUtility.cs line 593]

Invoked RoslynAnalysisRunner static constructor.
RoslynAnalysisRunner will not be running.
RoslynAnalysisRunner has terminated.
Mono: successfully reloaded assembly
- Completed reload, in  0.562 seconds
Platform modules already initialized, skipping
Refreshing native plugins compatible for Editor in 0.46 ms, found 0 plugins.
Preloading 0 native plugins for Editor in 0.00 ms.
Unloading 1771 Unused Serialized files (Serialized files now loaded: 0)
System memory in use before: 113.3 MB.
System memory in use after: 113.0 MB.

Unloading 9 unused Assets to reduce memory usage. Loaded Objects now: 2380.
Total: 3.082500 ms (FindLiveObjects: 0.230200 ms CreateObjectMapping: 0.073500 ms MarkObjects: 2.386900 ms  DeleteObjects: 0.391100 ms)

========================================================================
Received Import Request.
  Time since last request: 977.292770 seconds.
  path: Assets/Scripts/ChangeScene.cs
  artifactKey: Guid(d134ce0b79eadb14ca81a94f1d126b68) Importer(815301076,1909f56bfc062723c751e8b465ee728b)
Start importing Assets/Scripts/ChangeScene.cs using Guid(d134ce0b79eadb14ca81a94f1d126b68) Importer(815301076,1909f56bfc062723c751e8b465ee728b)  -> (artifact id: '7c5ece95ad9896dec14f5c41f295e60e') in 0.005142 seconds
  Import took 0.020483 seconds .

========================================================================
Received Prepare
Registering precompiled user dll's ...
Registered in 0.000685 seconds.
Begin MonoManager ReloadAssembly
Native extension for WindowsStandalone target not found
Refreshing native plugins compatible for Editor in 0.44 ms, found 0 plugins.
Preloading 0 native plugins for Editor in 0.00 ms.
Warning: Annotation not found!
UnityEngine.StackTraceUtility:ExtractStackTrace ()
UnityEditor.ProBuilder.EditorUtility:SetGizmoIconEnabled (System.Type,bool) (at D:/Users/Jason/Files/Games/IAT 445 - A1/Library/PackageCache/com.unity.probuilder@4.4.0/Editor/EditorCore/EditorUtility.cs:593)
UnityEditor.ProBuilder.HierarchyListener:.cctor () (at D:/Users/Jason/Files/Games/IAT 445 - A1/Library/PackageCache/com.unity.probuilder@4.4.0/Editor/EditorCore/HierarchyListener.cs:21)
System.Runtime.CompilerServices.RuntimeHelpers:RunClassConstructor (System.RuntimeTypeHandle)
UnityEditor.EditorAssemblies:ProcessInitializeOnLoadAttributes (System.Type[])

[D:/Users/Jason/Files/Games/IAT 445 - A1/Library/PackageCache/com.unity.probuilder@4.4.0/Editor/EditorCore/EditorUtility.cs line 593]

Invoked RoslynAnalysisRunner static constructor.
RoslynAnalysisRunner will not be running.
RoslynAnalysisRunner has terminated.
Mono: successfully reloaded assembly
- Completed reload, in  0.568 seconds
Platform modules already initialized, skipping
Refreshing native plugins compatible for Editor in 0.44 ms, found 0 plugins.
Preloading 0 native plugins for Editor in 0.00 ms.
Unloading 1771 Unused Serialized files (Serialized files now loaded: 0)
System memory in use before: 113.3 MB.
System memory in use after: 113.0 MB.

Unloading 9 unused Assets to reduce memory usage. Loaded Objects now: 2382.
Total: 2.403500 ms (FindLiveObjects: 0.180400 ms CreateObjectMapping: 0.046000 ms MarkObjects: 1.883700 ms  DeleteObjects: 0.292600 ms)

========================================================================
Received Import Request.
  Time since last request: 75.954126 seconds.
  path: Assets/Models/torch.mat
  artifactKey: Guid(d8edb532f32c8aa4689dc59cf4066390) Importer(815301076,1909f56bfc062723c751e8b465ee728b)
Start importing Assets/Models/torch.mat using Guid(d8edb532f32c8aa4689dc59cf4066390) Importer(815301076,1909f56bfc062723c751e8b465ee728b)  -> (artifact id: '82d4981dce9206d8bd7a160891bec622') in 0.054379 seconds
  Import took 0.068462 seconds .

========================================================================
Received Import Request.
  Time since last request: 13.486196 seconds.
  path: Assets/Models/cave.fbx
  artifactKey: Guid(903388d01d61f0f49a9c9c27d90dd0da) Importer(815301076,1909f56bfc062723c751e8b465ee728b)
Start importing Assets/Models/cave.fbx using Guid(903388d01d61f0f49a9c9c27d90dd0da) Importer(815301076,1909f56bfc062723c751e8b465ee728b)  -> (artifact id: 'b2ca9f3c2cd3b9628abf55d06a455fb5') in 0.038182 seconds
  Import took 0.060055 seconds .

========================================================================
Received Import Request.
  Time since last request: 55.983964 seconds.
  path: Assets/Scenes/A 2 scene.unity
  artifactKey: Guid(2b8d0f0f4ef05d34480110e8f96cfd81) Importer(815301076,1909f56bfc062723c751e8b465ee728b)
Start importing Assets/Scenes/A 2 scene.unity using Guid(2b8d0f0f4ef05d34480110e8f96cfd81) Importer(815301076,1909f56bfc062723c751e8b465ee728b)  -> (artifact id: '198423445854be69b525ccaaa5291366') in 0.002257 seconds
  Import took 0.005789 seconds .

========================================================================
Received Import Request.
  Time since last request: 71.493341 seconds.
  path: Assets/Scenes/A2 Cave.unity
  artifactKey: Guid(50682f6c7e127a942a013fe9b26fb6aa) Importer(815301076,1909f56bfc062723c751e8b465ee728b)
Start importing Assets/Scenes/A2 Cave.unity using Guid(50682f6c7e127a942a013fe9b26fb6aa) Importer(815301076,1909f56bfc062723c751e8b465ee728b)  -> (artifact id: '55fb9457f8fb59e5059fed9a69dc2fe3') in 0.002450 seconds
  Import took 0.027660 seconds .

========================================================================
Received Prepare
Registering precompiled user dll's ...
Registered in 0.000689 seconds.
Begin MonoManager ReloadAssembly
Native extension for WindowsStandalone target not found
Refreshing native plugins compatible for Editor in 0.45 ms, found 0 plugins.
Preloading 0 native plugins for Editor in 0.00 ms.
Warning: Annotation not found!
UnityEngine.StackTraceUtility:ExtractStackTrace ()
UnityEditor.ProBuilder.EditorUtility:SetGizmoIconEnabled (System.Type,bool) (at D:/Users/Jason/Files/Games/IAT 445 - A1/Library/PackageCache/com.unity.probuilder@4.4.0/Editor/EditorCore/EditorUtility.cs:593)
UnityEditor.ProBuilder.HierarchyListener:.cctor () (at D:/Users/Jason/Files/Games/IAT 445 - A1/Library/PackageCache/com.unity.probuilder@4.4.0/Editor/EditorCore/HierarchyListener.cs:21)
System.Runtime.CompilerServices.RuntimeHelpers:RunClassConstructor (System.RuntimeTypeHandle)
UnityEditor.EditorAssemblies:ProcessInitializeOnLoadAttributes (System.Type[])

[D:/Users/Jason/Files/Games/IAT 445 - A1/Library/PackageCache/com.unity.probuilder@4.4.0/Editor/EditorCore/EditorUtility.cs line 593]

Invoked RoslynAnalysisRunner static constructor.
RoslynAnalysisRunner will not be running.
RoslynAnalysisRunner has terminated.
Mono: successfully reloaded assembly
- Completed reload, in  0.626 seconds
Platform modules already initialized, skipping
Refreshing native plugins compatible for Editor in 0.48 ms, found 0 plugins.
Preloading 0 native plugins for Editor in 0.00 ms.
Unloading 1771 Unused Serialized files (Serialized files now loaded: 0)
System memory in use before: 113.3 MB.
System memory in use after: 113.1 MB.

Unloading 9 unused Assets to reduce memory usage. Loaded Objects now: 2385.
Total: 2.952800 ms (FindLiveObjects: 0.238000 ms CreateObjectMapping: 0.065900 ms MarkObjects: 2.282500 ms  DeleteObjects: 0.365600 ms)

========================================================================
Received Import Request.
  Time since last request: 285.454718 seconds.
  path: Assets/Models/cave ground.fbx
  artifactKey: Guid(eef992e0ec573b4458439f1311c03378) Importer(815301076,1909f56bfc062723c751e8b465ee728b)
Start importing Assets/Models/cave ground.fbx using Guid(eef992e0ec573b4458439f1311c03378) Importer(815301076,1909f56bfc062723c751e8b465ee728b)  -> (artifact id: '88cbb5c58bd091fc705d3cb7cba8d321') in 0.058910 seconds
  Import took 0.062348 seconds .

========================================================================
Received Prepare
Registering precompiled user dll's ...
Registered in 0.000721 seconds.
Begin MonoManager ReloadAssembly
Native extension for WindowsStandalone target not found
Refreshing native plugins compatible for Editor in 0.48 ms, found 0 plugins.
Preloading 0 native plugins for Editor in 0.00 ms.
Warning: Annotation not found!
UnityEngine.StackTraceUtility:ExtractStackTrace ()
UnityEditor.ProBuilder.EditorUtility:SetGizmoIconEnabled (System.Type,bool) (at D:/Users/Jason/Files/Games/IAT 445 - A1/Library/PackageCache/com.unity.probuilder@4.4.0/Editor/EditorCore/EditorUtility.cs:593)
UnityEditor.ProBuilder.HierarchyListener:.cctor () (at D:/Users/Jason/Files/Games/IAT 445 - A1/Library/PackageCache/com.unity.probuilder@4.4.0/Editor/EditorCore/HierarchyListener.cs:21)
System.Runtime.CompilerServices.RuntimeHelpers:RunClassConstructor (System.RuntimeTypeHandle)
UnityEditor.EditorAssemblies:ProcessInitializeOnLoadAttributes (System.Type[])

[D:/Users/Jason/Files/Games/IAT 445 - A1/Library/PackageCache/com.unity.probuilder@4.4.0/Editor/EditorCore/EditorUtility.cs line 593]

Invoked RoslynAnalysisRunner static constructor.
RoslynAnalysisRunner will not be running.
RoslynAnalysisRunner has terminated.
Mono: successfully reloaded assembly
- Completed reload, in  0.575 seconds
Platform modules already initialized, skipping
Refreshing native plugins compatible for Editor in 0.71 ms, found 0 plugins.
Preloading 0 native plugins for Editor in 0.00 ms.
Unloading 1771 Unused Serialized files (Serialized files now loaded: 0)
System memory in use before: 113.4 MB.
System memory in use after: 113.1 MB.

Unloading 9 unused Assets to reduce memory usage. Loaded Objects now: 2388.
Total: 2.270300 ms (FindLiveObjects: 0.193300 ms CreateObjectMapping: 0.035100 ms MarkObjects: 1.716300 ms  DeleteObjects: 0.324900 ms)

========================================================================
Received Import Request.
  Time since last request: 121.679197 seconds.
  path: Assets/Prefab
  artifactKey: Guid(23e607f388784614b831283cca757856) Importer(815301076,1909f56bfc062723c751e8b465ee728b)
Start importing Assets/Prefab using Guid(23e607f388784614b831283cca757856) Importer(815301076,1909f56bfc062723c751e8b465ee728b)  -> (artifact id: 'edc633a2bce5b7c94cbe08fdb99c6f28') in 0.004662 seconds
  Import took 0.023010 seconds .

========================================================================
Received Import Request.
  Time since last request: 1.351340 seconds.
  path: Assets/Prefab/torch parent.prefab
  artifactKey: Guid(b94fb08ec03570345a5df73b02725458) Importer(815301076,1909f56bfc062723c751e8b465ee728b)
Start importing Assets/Prefab/torch parent.prefab using Guid(b94fb08ec03570345a5df73b02725458) Importer(815301076,1909f56bfc062723c751e8b465ee728b)  -> (artifact id: 'a74de23cc1477749930d38941d572963') in 0.047807 seconds
  Import took 0.050785 seconds .

========================================================================
Received Prepare
Registering precompiled user dll's ...
Registered in 0.000539 seconds.
Begin MonoManager ReloadAssembly
Native extension for WindowsStandalone target not found
Refreshing native plugins compatible for Editor in 0.45 ms, found 0 plugins.
Preloading 0 native plugins for Editor in 0.00 ms.
Warning: Annotation not found!
UnityEngine.StackTraceUtility:ExtractStackTrace ()
UnityEditor.ProBuilder.EditorUtility:SetGizmoIconEnabled (System.Type,bool) (at D:/Users/Jason/Files/Games/IAT 445 - A1/Library/PackageCache/com.unity.probuilder@4.4.0/Editor/EditorCore/EditorUtility.cs:593)
UnityEditor.ProBuilder.HierarchyListener:.cctor () (at D:/Users/Jason/Files/Games/IAT 445 - A1/Library/PackageCache/com.unity.probuilder@4.4.0/Editor/EditorCore/HierarchyListener.cs:21)
System.Runtime.CompilerServices.RuntimeHelpers:RunClassConstructor (System.RuntimeTypeHandle)
UnityEditor.EditorAssemblies:ProcessInitializeOnLoadAttributes (System.Type[])

[D:/Users/Jason/Files/Games/IAT 445 - A1/Library/PackageCache/com.unity.probuilder@4.4.0/Editor/EditorCore/EditorUtility.cs line 593]

Invoked RoslynAnalysisRunner static constructor.
RoslynAnalysisRunner will not be running.
RoslynAnalysisRunner has terminated.
Mono: successfully reloaded assembly
- Completed reload, in  0.573 seconds
Platform modules already initialized, skipping
Refreshing native plugins compatible for Editor in 0.44 ms, found 0 plugins.
Preloading 0 native plugins for Editor in 0.00 ms.
Unloading 1771 Unused Serialized files (Serialized files now loaded: 0)
System memory in use before: 113.5 MB.
System memory in use after: 113.2 MB.

Unloading 11 unused Assets to reduce memory usage. Loaded Objects now: 2392.
Total: 2.428100 ms (FindLiveObjects: 0.215500 ms CreateObjectMapping: 0.052100 ms MarkObjects: 1.806700 ms  DeleteObjects: 0.353100 ms)

========================================================================
Received Prepare
Registering precompiled user dll's ...
Registered in 0.000765 seconds.
Begin MonoManager ReloadAssembly
Native extension for WindowsStandalone target not found
Refreshing native plugins compatible for Editor in 0.55 ms, found 0 plugins.
Preloading 0 native plugins for Editor in 0.00 ms.
Warning: Annotation not found!
UnityEngine.StackTraceUtility:ExtractStackTrace ()
UnityEditor.ProBuilder.EditorUtility:SetGizmoIconEnabled (System.Type,bool) (at D:/Users/Jason/Files/Games/IAT 445 - A1/Library/PackageCache/com.unity.probuilder@4.4.0/Editor/EditorCore/EditorUtility.cs:593)
UnityEditor.ProBuilder.HierarchyListener:.cctor () (at D:/Users/Jason/Files/Games/IAT 445 - A1/Library/PackageCache/com.unity.probuilder@4.4.0/Editor/EditorCore/HierarchyListener.cs:21)
System.Runtime.CompilerServices.RuntimeHelpers:RunClassConstructor (System.RuntimeTypeHandle)
UnityEditor.EditorAssemblies:ProcessInitializeOnLoadAttributes (System.Type[])

[D:/Users/Jason/Files/Games/IAT 445 - A1/Library/PackageCache/com.unity.probuilder@4.4.0/Editor/EditorCore/EditorUtility.cs line 593]

Invoked RoslynAnalysisRunner static constructor.
RoslynAnalysisRunner will not be running.
RoslynAnalysisRunner has terminated.
Mono: successfully reloaded assembly
- Completed reload, in  0.656 seconds
Platform modules already initialized, skipping
Refreshing native plugins compatible for Editor in 0.44 ms, found 0 plugins.
Preloading 0 native plugins for Editor in 0.00 ms.
Unloading 1771 Unused Serialized files (Serialized files now loaded: 0)
System memory in use before: 113.5 MB.
System memory in use after: 113.2 MB.

Unloading 9 unused Assets to reduce memory usage. Loaded Objects now: 2394.
Total: 2.415300 ms (FindLiveObjects: 0.228000 ms CreateObjectMapping: 0.060500 ms MarkObjects: 1.791600 ms  DeleteObjects: 0.334400 ms)

========================================================================
Received Import Request.
  Time since last request: 338.706800 seconds.
  path: Assets/Models/spider-web-spider-web-png-file-png-download-24001639-free-realistic-spider-web-png-2400_1639.png
  artifactKey: Guid(a03b3de6791cdbf4592ec7c98416f4a2) Importer(815301076,1909f56bfc062723c751e8b465ee728b)
Start importing Assets/Models/spider-web-spider-web-png-file-png-download-24001639-free-realistic-spider-web-png-2400_1639.png using Guid(a03b3de6791cdbf4592ec7c98416f4a2) Importer(815301076,1909f56bfc062723c751e8b465ee728b)  -> (artifact id: '1a87c05de1de1947ffcc3f37e0a45de2') in 0.021605 seconds
  Import took 0.024597 seconds .

========================================================================
Received Import Request.
  Time since last request: 13.051145 seconds.
  path: Assets/Models/spider-web-spider-web-png-file-png-download-24001639-free-realistic-spider-web-png-2400_1639.png
  artifactKey: Guid(a03b3de6791cdbf4592ec7c98416f4a2) Importer(815301076,1909f56bfc062723c751e8b465ee728b)
Start importing Assets/Models/spider-web-spider-web-png-file-png-download-24001639-free-realistic-spider-web-png-2400_1639.png using Guid(a03b3de6791cdbf4592ec7c98416f4a2) Importer(815301076,1909f56bfc062723c751e8b465ee728b)  -> (artifact id: '01c8642d3e0985df1a954f5f5ae56a6b') in 0.007678 seconds
  Import took 0.010423 seconds .

========================================================================
Received Import Request.
  Time since last request: 0.037200 seconds.
  path: Assets/Models/spider-web-spider-web-png-file-png-download-24001639-free-realistic-spider-web-png-2400_1639.png
  artifactKey: Guid(a03b3de6791cdbf4592ec7c98416f4a2) Importer(815301076,1909f56bfc062723c751e8b465ee728b)
Start importing Assets/Models/spider-web-spider-web-png-file-png-download-24001639-free-realistic-spider-web-png-2400_1639.png using Guid(a03b3de6791cdbf4592ec7c98416f4a2) Importer(815301076,1909f56bfc062723c751e8b465ee728b)  -> (artifact id: '01c8642d3e0985df1a954f5f5ae56a6b') in 0.022389 seconds
  Import took 0.025471 seconds .

========================================================================
Received Import Request.
  Time since last request: 88.268559 seconds.
  path: Assets/Models/web.mat
  artifactKey: Guid(380572067c88cfb468fbeed631345de8) Importer(815301076,1909f56bfc062723c751e8b465ee728b)
Start importing Assets/Models/web.mat using Guid(380572067c88cfb468fbeed631345de8) Importer(815301076,1909f56bfc062723c751e8b465ee728b)  -> (artifact id: 'ad470f3ef08cf4751b7927fa797484e0') in 0.024776 seconds
  Import took 0.035489 seconds .

========================================================================
Received Prepare
Registering precompiled user dll's ...
Registered in 0.000594 seconds.
Begin MonoManager ReloadAssembly
Native extension for WindowsStandalone target not found
Refreshing native plugins compatible for Editor in 0.49 ms, found 0 plugins.
Preloading 0 native plugins for Editor in 0.00 ms.
Warning: Annotation not found!
UnityEngine.StackTraceUtility:ExtractStackTrace ()
UnityEditor.ProBuilder.EditorUtility:SetGizmoIconEnabled (System.Type,bool) (at D:/Users/Jason/Files/Games/IAT 445 - A1/Library/PackageCache/com.unity.probuilder@4.4.0/Editor/EditorCore/EditorUtility.cs:593)
UnityEditor.ProBuilder.HierarchyListener:.cctor () (at D:/Users/Jason/Files/Games/IAT 445 - A1/Library/PackageCache/com.unity.probuilder@4.4.0/Editor/EditorCore/HierarchyListener.cs:21)
System.Runtime.CompilerServices.RuntimeHelpers:RunClassConstructor (System.RuntimeTypeHandle)
UnityEditor.EditorAssemblies:ProcessInitializeOnLoadAttributes (System.Type[])

[D:/Users/Jason/Files/Games/IAT 445 - A1/Library/PackageCache/com.unity.probuilder@4.4.0/Editor/EditorCore/EditorUtility.cs line 593]

Invoked RoslynAnalysisRunner static constructor.
RoslynAnalysisRunner will not be running.
RoslynAnalysisRunner has terminated.
Mono: successfully reloaded assembly
- Completed reload, in  0.608 seconds
Platform modules already initialized, skipping
Refreshing native plugins compatible for Editor in 0.45 ms, found 0 plugins.
Preloading 0 native plugins for Editor in 0.00 ms.
Unloading 1772 Unused Serialized files (Serialized files now loaded: 0)
System memory in use before: 113.6 MB.
System memory in use after: 113.3 MB.

Unloading 9 unused Assets to reduce memory usage. Loaded Objects now: 2399.
Total: 2.398700 ms (FindLiveObjects: 0.212400 ms CreateObjectMapping: 0.045900 ms MarkObjects: 1.821700 ms  DeleteObjects: 0.318000 ms)

========================================================================
Received Prepare
Registering precompiled user dll's ...
Registered in 0.000558 seconds.
Begin MonoManager ReloadAssembly
Native extension for WindowsStandalone target not found
Refreshing native plugins compatible for Editor in 0.47 ms, found 0 plugins.
Preloading 0 native plugins for Editor in 0.00 ms.
Warning: Annotation not found!
UnityEngine.StackTraceUtility:ExtractStackTrace ()
UnityEditor.ProBuilder.EditorUtility:SetGizmoIconEnabled (System.Type,bool) (at D:/Users/Jason/Files/Games/IAT 445 - A1/Library/PackageCache/com.unity.probuilder@4.4.0/Editor/EditorCore/EditorUtility.cs:593)
UnityEditor.ProBuilder.HierarchyListener:.cctor () (at D:/Users/Jason/Files/Games/IAT 445 - A1/Library/PackageCache/com.unity.probuilder@4.4.0/Editor/EditorCore/HierarchyListener.cs:21)
System.Runtime.CompilerServices.RuntimeHelpers:RunClassConstructor (System.RuntimeTypeHandle)
UnityEditor.EditorAssemblies:ProcessInitializeOnLoadAttributes (System.Type[])

[D:/Users/Jason/Files/Games/IAT 445 - A1/Library/PackageCache/com.unity.probuilder@4.4.0/Editor/EditorCore/EditorUtility.cs line 593]

Invoked RoslynAnalysisRunner static constructor.
RoslynAnalysisRunner will not be running.
RoslynAnalysisRunner has terminated.
Mono: successfully reloaded assembly
- Completed reload, in  0.596 seconds
Platform modules already initialized, skipping
Refreshing native plugins compatible for Editor in 0.44 ms, found 0 plugins.
Preloading 0 native plugins for Editor in 0.00 ms.
Unloading 1772 Unused Serialized files (Serialized files now loaded: 0)
System memory in use before: 113.4 MB.
System memory in use after: 113.1 MB.

Unloading 9 unused Assets to reduce memory usage. Loaded Objects now: 2401.
Total: 2.679600 ms (FindLiveObjects: 0.231700 ms CreateObjectMapping: 0.071700 ms MarkObjects: 2.028400 ms  DeleteObjects: 0.346900 ms)

========================================================================
Received Prepare
Registering precompiled user dll's ...
Registered in 0.000693 seconds.
Begin MonoManager ReloadAssembly
Native extension for WindowsStandalone target not found
Refreshing native plugins compatible for Editor in 0.44 ms, found 0 plugins.
Preloading 0 native plugins for Editor in 0.00 ms.
Warning: Annotation not found!
UnityEngine.StackTraceUtility:ExtractStackTrace ()
UnityEditor.ProBuilder.EditorUtility:SetGizmoIconEnabled (System.Type,bool) (at D:/Users/Jason/Files/Games/IAT 445 - A1/Library/PackageCache/com.unity.probuilder@4.4.0/Editor/EditorCore/EditorUtility.cs:593)
UnityEditor.ProBuilder.HierarchyListener:.cctor () (at D:/Users/Jason/Files/Games/IAT 445 - A1/Library/PackageCache/com.unity.probuilder@4.4.0/Editor/EditorCore/HierarchyListener.cs:21)
System.Runtime.CompilerServices.RuntimeHelpers:RunClassConstructor (System.RuntimeTypeHandle)
UnityEditor.EditorAssemblies:ProcessInitializeOnLoadAttributes (System.Type[])

[D:/Users/Jason/Files/Games/IAT 445 - A1/Library/PackageCache/com.unity.probuilder@4.4.0/Editor/EditorCore/EditorUtility.cs line 593]

Invoked RoslynAnalysisRunner static constructor.
RoslynAnalysisRunner will not be running.
RoslynAnalysisRunner has terminated.
Mono: successfully reloaded assembly
- Completed reload, in  0.595 seconds
Platform modules already initialized, skipping
Refreshing native plugins compatible for Editor in 0.50 ms, found 0 plugins.
Preloading 0 native plugins for Editor in 0.00 ms.
Unloading 1772 Unused Serialized files (Serialized files now loaded: 0)
System memory in use before: 113.4 MB.
System memory in use after: 113.1 MB.

Unloading 9 unused Assets to reduce memory usage. Loaded Objects now: 2403.
Total: 2.535100 ms (FindLiveObjects: 0.215600 ms CreateObjectMapping: 0.036100 ms MarkObjects: 1.953600 ms  DeleteObjects: 0.329000 ms)

========================================================================
Received Import Request.
  Time since last request: 643.414543 seconds.
  path: ProjectSettings/TagManager.asset
  artifactKey: Guid(00000000000000003000000000000000) Importer(815301076,1909f56bfc062723c751e8b465ee728b)
Start importing ProjectSettings/TagManager.asset using Guid(00000000000000003000000000000000) Importer(815301076,1909f56bfc062723c751e8b465ee728b)  -> (artifact id: '8988b340c206bb1d98ca0d47b0266d3b') in 0.012358 seconds
  Import took 0.016144 seconds .

========================================================================
Received Prepare
Registering precompiled user dll's ...
Registered in 0.000513 seconds.
Begin MonoManager ReloadAssembly
Native extension for WindowsStandalone target not found
Refreshing native plugins compatible for Editor in 0.45 ms, found 0 plugins.
Preloading 0 native plugins for Editor in 0.00 ms.
Warning: Annotation not found!
UnityEngine.StackTraceUtility:ExtractStackTrace ()
UnityEditor.ProBuilder.EditorUtility:SetGizmoIconEnabled (System.Type,bool) (at D:/Users/Jason/Files/Games/IAT 445 - A1/Library/PackageCache/com.unity.probuilder@4.4.0/Editor/EditorCore/EditorUtility.cs:593)
UnityEditor.ProBuilder.HierarchyListener:.cctor () (at D:/Users/Jason/Files/Games/IAT 445 - A1/Library/PackageCache/com.unity.probuilder@4.4.0/Editor/EditorCore/HierarchyListener.cs:21)
System.Runtime.CompilerServices.RuntimeHelpers:RunClassConstructor (System.RuntimeTypeHandle)
UnityEditor.EditorAssemblies:ProcessInitializeOnLoadAttributes (System.Type[])

[D:/Users/Jason/Files/Games/IAT 445 - A1/Library/PackageCache/com.unity.probuilder@4.4.0/Editor/EditorCore/EditorUtility.cs line 593]

Invoked RoslynAnalysisRunner static constructor.
RoslynAnalysisRunner will not be running.
RoslynAnalysisRunner has terminated.
Mono: successfully reloaded assembly
- Completed reload, in  0.579 seconds
Platform modules already initialized, skipping
Refreshing native plugins compatible for Editor in 0.48 ms, found 0 plugins.
Preloading 0 native plugins for Editor in 0.00 ms.
Unloading 1772 Unused Serialized files (Serialized files now loaded: 0)
System memory in use before: 113.4 MB.
System memory in use after: 113.1 MB.

Unloading 10 unused Assets to reduce memory usage. Loaded Objects now: 2405.
Total: 2.493200 ms (FindLiveObjects: 0.212900 ms CreateObjectMapping: 0.053800 ms MarkObjects: 1.892400 ms  DeleteObjects: 0.333400 ms)

========================================================================
Received Prepare
Registering precompiled user dll's ...
Registered in 0.000674 seconds.
Begin MonoManager ReloadAssembly
Native extension for WindowsStandalone target not found
Refreshing native plugins compatible for Editor in 0.49 ms, found 0 plugins.
Preloading 0 native plugins for Editor in 0.00 ms.
Warning: Annotation not found!
UnityEngine.StackTraceUtility:ExtractStackTrace ()
UnityEditor.ProBuilder.EditorUtility:SetGizmoIconEnabled (System.Type,bool) (at D:/Users/Jason/Files/Games/IAT 445 - A1/Library/PackageCache/com.unity.probuilder@4.4.0/Editor/EditorCore/EditorUtility.cs:593)
UnityEditor.ProBuilder.HierarchyListener:.cctor () (at D:/Users/Jason/Files/Games/IAT 445 - A1/Library/PackageCache/com.unity.probuilder@4.4.0/Editor/EditorCore/HierarchyListener.cs:21)
System.Runtime.CompilerServices.RuntimeHelpers:RunClassConstructor (System.RuntimeTypeHandle)
UnityEditor.EditorAssemblies:ProcessInitializeOnLoadAttributes (System.Type[])

[D:/Users/Jason/Files/Games/IAT 445 - A1/Library/PackageCache/com.unity.probuilder@4.4.0/Editor/EditorCore/EditorUtility.cs line 593]

Invoked RoslynAnalysisRunner static constructor.
RoslynAnalysisRunner will not be running.
RoslynAnalysisRunner has terminated.
Mono: successfully reloaded assembly
- Completed reload, in  0.575 seconds
Platform modules already initialized, skipping
Refreshing native plugins compatible for Editor in 0.46 ms, found 0 plugins.
Preloading 0 native plugins for Editor in 0.00 ms.
Unloading 1772 Unused Serialized files (Serialized files now loaded: 0)
System memory in use before: 113.4 MB.
System memory in use after: 113.1 MB.

Unloading 9 unused Assets to reduce memory usage. Loaded Objects now: 2407.
Total: 2.264000 ms (FindLiveObjects: 0.204900 ms CreateObjectMapping: 0.036000 ms MarkObjects: 1.687100 ms  DeleteObjects: 0.335200 ms)

========================================================================
Received Prepare
Registering precompiled user dll's ...
Registered in 0.000639 seconds.
Begin MonoManager ReloadAssembly
Native extension for WindowsStandalone target not found
Refreshing native plugins compatible for Editor in 0.45 ms, found 0 plugins.
Preloading 0 native plugins for Editor in 0.00 ms.
Warning: Annotation not found!
UnityEngine.StackTraceUtility:ExtractStackTrace ()
UnityEditor.ProBuilder.EditorUtility:SetGizmoIconEnabled (System.Type,bool) (at D:/Users/Jason/Files/Games/IAT 445 - A1/Library/PackageCache/com.unity.probuilder@4.4.0/Editor/EditorCore/EditorUtility.cs:593)
UnityEditor.ProBuilder.HierarchyListener:.cctor () (at D:/Users/Jason/Files/Games/IAT 445 - A1/Library/PackageCache/com.unity.probuilder@4.4.0/Editor/EditorCore/HierarchyListener.cs:21)
System.Runtime.CompilerServices.RuntimeHelpers:RunClassConstructor (System.RuntimeTypeHandle)
UnityEditor.EditorAssemblies:ProcessInitializeOnLoadAttributes (System.Type[])

[D:/Users/Jason/Files/Games/IAT 445 - A1/Library/PackageCache/com.unity.probuilder@4.4.0/Editor/EditorCore/EditorUtility.cs line 593]

Invoked RoslynAnalysisRunner static constructor.
RoslynAnalysisRunner will not be running.
RoslynAnalysisRunner has terminated.
Mono: successfully reloaded assembly
- Completed reload, in  0.599 seconds
Platform modules already initialized, skipping
Refreshing native plugins compatible for Editor in 0.46 ms, found 0 plugins.
Preloading 0 native plugins for Editor in 0.00 ms.
Unloading 1772 Unused Serialized files (Serialized files now loaded: 0)
System memory in use before: 113.4 MB.
System memory in use after: 113.1 MB.

Unloading 9 unused Assets to reduce memory usage. Loaded Objects now: 2409.
Total: 2.737000 ms (FindLiveObjects: 0.274900 ms CreateObjectMapping: 0.102100 ms MarkObjects: 1.998800 ms  DeleteObjects: 0.360300 ms)

========================================================================
Received Prepare
Registering precompiled user dll's ...
Registered in 0.000691 seconds.
Begin MonoManager ReloadAssembly
Native extension for WindowsStandalone target not found
Refreshing native plugins compatible for Editor in 0.70 ms, found 0 plugins.
Preloading 0 native plugins for Editor in 0.00 ms.
Warning: Annotation not found!
UnityEngine.StackTraceUtility:ExtractStackTrace ()
UnityEditor.ProBuilder.EditorUtility:SetGizmoIconEnabled (System.Type,bool) (at D:/Users/Jason/Files/Games/IAT 445 - A1/Library/PackageCache/com.unity.probuilder@4.4.0/Editor/EditorCore/EditorUtility.cs:593)
UnityEditor.ProBuilder.HierarchyListener:.cctor () (at D:/Users/Jason/Files/Games/IAT 445 - A1/Library/PackageCache/com.unity.probuilder@4.4.0/Editor/EditorCore/HierarchyListener.cs:21)
System.Runtime.CompilerServices.RuntimeHelpers:RunClassConstructor (System.RuntimeTypeHandle)
UnityEditor.EditorAssemblies:ProcessInitializeOnLoadAttributes (System.Type[])

[D:/Users/Jason/Files/Games/IAT 445 - A1/Library/PackageCache/com.unity.probuilder@4.4.0/Editor/EditorCore/EditorUtility.cs line 593]

Invoked RoslynAnalysisRunner static constructor.
RoslynAnalysisRunner will not be running.
RoslynAnalysisRunner has terminated.
Mono: successfully reloaded assembly
- Completed reload, in  0.610 seconds
Platform modules already initialized, skipping
Refreshing native plugins compatible for Editor in 0.65 ms, found 0 plugins.
Preloading 0 native plugins for Editor in 0.00 ms.
Unloading 1772 Unused Serialized files (Serialized files now loaded: 0)
System memory in use before: 113.4 MB.
System memory in use after: 113.1 MB.

Unloading 9 unused Assets to reduce memory usage. Loaded Objects now: 2411.
Total: 2.658800 ms (FindLiveObjects: 0.220000 ms CreateObjectMapping: 0.060500 ms MarkObjects: 1.958700 ms  DeleteObjects: 0.418900 ms)

========================================================================
Received Import Request.
  Time since last request: 380.420531 seconds.
  path: Assets/FogVolume
  artifactKey: Guid(bc2e5656fe9037e4aa56074cdd5c1bfa) Importer(815301076,1909f56bfc062723c751e8b465ee728b)
Start importing Assets/FogVolume using Guid(bc2e5656fe9037e4aa56074cdd5c1bfa) Importer(815301076,1909f56bfc062723c751e8b465ee728b)  -> (artifact id: 'f732f284e09e00aea3444e210febdefe') in 0.004825 seconds
  Import took 0.023155 seconds .

========================================================================
Received Import Request.
  Time since last request: 167.370358 seconds.
  path: Assets/Scenes/A 2 scene.unity
  artifactKey: Guid(2b8d0f0f4ef05d34480110e8f96cfd81) Importer(815301076,1909f56bfc062723c751e8b465ee728b)
Start importing Assets/Scenes/A 2 scene.unity using Guid(2b8d0f0f4ef05d34480110e8f96cfd81) Importer(815301076,1909f56bfc062723c751e8b465ee728b)  -> (artifact id: '0dab2a1b77c4617737af970ee63e300e') in 0.009233 seconds
  Import took 0.011909 seconds .

========================================================================
Received Import Request.
  Time since last request: 8.284796 seconds.
  path: Assets/Scenes/A2 Cave.unity
  artifactKey: Guid(50682f6c7e127a942a013fe9b26fb6aa) Importer(815301076,1909f56bfc062723c751e8b465ee728b)
Start importing Assets/Scenes/A2 Cave.unity using Guid(50682f6c7e127a942a013fe9b26fb6aa) Importer(815301076,1909f56bfc062723c751e8b465ee728b)  -> (artifact id: 'afa46b36b63b4f7310d78e21ccb2139c') in 0.001810 seconds
  Import took 0.004773 seconds .

========================================================================
Received Import Request.
  Time since last request: 30.947574 seconds.
  path: Assets/Scenes/A 2 scene.unity
  artifactKey: Guid(2b8d0f0f4ef05d34480110e8f96cfd81) Importer(815301076,1909f56bfc062723c751e8b465ee728b)
Start importing Assets/Scenes/A 2 scene.unity using Guid(2b8d0f0f4ef05d34480110e8f96cfd81) Importer(815301076,1909f56bfc062723c751e8b465ee728b)  -> (artifact id: 'b64efb8134ab44679b4999c8d9c72a63') in 0.002235 seconds
  Import took 0.005581 seconds .

========================================================================
Received Import Request.
  Time since last request: 50.873176 seconds.
  path: Assets/Models/web.mat
  artifactKey: Guid(380572067c88cfb468fbeed631345de8) Importer(815301076,1909f56bfc062723c751e8b465ee728b)
Start importing Assets/Models/web.mat using Guid(380572067c88cfb468fbeed631345de8) Importer(815301076,1909f56bfc062723c751e8b465ee728b)  -> (artifact id: '229c8fba972b81110d42ef5fe193abcb') in 0.039033 seconds
  Import took 0.041858 seconds .

========================================================================
Received Import Request.
  Time since last request: 0.309646 seconds.
  path: Assets/Materials/mud big repeat.mat
  artifactKey: Guid(c8a28b51c477aa24e876751af082f204) Importer(815301076,1909f56bfc062723c751e8b465ee728b)
Start importing Assets/Materials/mud big repeat.mat using Guid(c8a28b51c477aa24e876751af082f204) Importer(815301076,1909f56bfc062723c751e8b465ee728b)  -> (artifact id: '7cb4f3ba485fce8ae83c98a4b1fc0333') in 0.012946 seconds
  Import took 0.015608 seconds .

========================================================================
Received Prepare
Registering precompiled user dll's ...
Registered in 0.000994 seconds.
Begin MonoManager ReloadAssembly
Native extension for WindowsStandalone target not found
Refreshing native plugins compatible for Editor in 0.46 ms, found 0 plugins.
Preloading 0 native plugins for Editor in 0.00 ms.
Warning: Annotation not found!
UnityEngine.StackTraceUtility:ExtractStackTrace ()
UnityEditor.ProBuilder.EditorUtility:SetGizmoIconEnabled (System.Type,bool) (at D:/Users/Jason/Files/Games/IAT 445 - A1/Library/PackageCache/com.unity.probuilder@4.4.0/Editor/EditorCore/EditorUtility.cs:593)
UnityEditor.ProBuilder.HierarchyListener:.cctor () (at D:/Users/Jason/Files/Games/IAT 445 - A1/Library/PackageCache/com.unity.probuilder@4.4.0/Editor/EditorCore/HierarchyListener.cs:21)
System.Runtime.CompilerServices.RuntimeHelpers:RunClassConstructor (System.RuntimeTypeHandle)
UnityEditor.EditorAssemblies:ProcessInitializeOnLoadAttributes (System.Type[])

[D:/Users/Jason/Files/Games/IAT 445 - A1/Library/PackageCache/com.unity.probuilder@4.4.0/Editor/EditorCore/EditorUtility.cs line 593]

Invoked RoslynAnalysisRunner static constructor.
RoslynAnalysisRunner will not be running.
RoslynAnalysisRunner has terminated.
Mono: successfully reloaded assembly
- Completed reload, in  0.630 seconds
Platform modules already initialized, skipping
Refreshing native plugins compatible for Editor in 0.52 ms, found 0 plugins.
Preloading 0 native plugins for Editor in 0.00 ms.
Unloading 1772 Unused Serialized files (Serialized files now loaded: 0)
System memory in use before: 113.5 MB.
System memory in use after: 113.2 MB.

Unloading 9 unused Assets to reduce memory usage. Loaded Objects now: 2414.
Total: 3.358700 ms (FindLiveObjects: 0.242400 ms CreateObjectMapping: 0.065200 ms MarkObjects: 2.648000 ms  DeleteObjects: 0.402100 ms)

